2019-05-28 16:47:55.363 [main] DEBUG com.l.o2o.dao.ProductDao.insertProduct - ==>  Preparing: INSERT INTO tb_product(product_name,product_desc,img_addr, normal_price,promotion_price,priority,create_time, last_edit_time,enable_status,product_category_id, shop_id) VALUES (?,?,?, ?,?,?,?, ?,?,?, ?) 
2019-05-28 16:47:55.411 [main] DEBUG com.l.o2o.dao.ProductDao.insertProduct - ==> Parameters: 测试1(String), 测试Desc1(String), test1(String), null, null, 1(Integer), 2019-05-28 16:47:54.996(Timestamp), 2019-05-28 16:47:54.996(Timestamp), 1(Integer), 1(Long), 1(Long)
2019-05-28 16:47:55.416 [main] DEBUG com.l.o2o.dao.ProductDao.insertProduct - <==    Updates: 1
2019-05-28 16:47:55.423 [main] DEBUG com.l.o2o.dao.ProductDao.insertProduct - ==>  Preparing: INSERT INTO tb_product(product_name,product_desc,img_addr, normal_price,promotion_price,priority,create_time, last_edit_time,enable_status,product_category_id, shop_id) VALUES (?,?,?, ?,?,?,?, ?,?,?, ?) 
2019-05-28 16:47:55.425 [main] DEBUG com.l.o2o.dao.ProductDao.insertProduct - ==> Parameters: 测试2(String), 测试Desc2(String), test2(String), null, null, 2(Integer), 2019-05-28 16:47:54.996(Timestamp), 2019-05-28 16:47:54.996(Timestamp), 0(Integer), 1(Long), 1(Long)
2019-05-28 16:47:55.428 [main] DEBUG com.l.o2o.dao.ProductDao.insertProduct - <==    Updates: 1
2019-05-28 16:47:55.428 [main] DEBUG com.l.o2o.dao.ProductDao.insertProduct - ==>  Preparing: INSERT INTO tb_product(product_name,product_desc,img_addr, normal_price,promotion_price,priority,create_time, last_edit_time,enable_status,product_category_id, shop_id) VALUES (?,?,?, ?,?,?,?, ?,?,?, ?) 
2019-05-28 16:47:55.429 [main] DEBUG com.l.o2o.dao.ProductDao.insertProduct - ==> Parameters: test3(String), 测试Desc3(String), test3(String), null, null, 3(Integer), 2019-05-28 16:47:54.996(Timestamp), 2019-05-28 16:47:54.996(Timestamp), 1(Integer), 1(Long), 1(Long)
2019-05-28 16:47:55.433 [main] DEBUG com.l.o2o.dao.ProductDao.insertProduct - <==    Updates: 1
2019-05-28 16:47:55.472 [main] DEBUG com.l.o2o.dao.ProductDao.queryProductList - ==>  Preparing: SELECT product_id, product_name, product_desc, img_addr, normal_price, promotion_price, priority, create_time, last_edit_time, enable_status, point, product_category_id, shop_id FROM tb_product ORDER BY priority DESC LIMIT ?,?; 
2019-05-28 16:47:55.472 [main] DEBUG com.l.o2o.dao.ProductDao.queryProductList - ==> Parameters: 0(Integer), 3(Integer)
2019-05-28 16:49:26.381 [main] DEBUG com.l.o2o.dao.ProductDao.insertProduct - ==>  Preparing: INSERT INTO tb_product(product_name,product_desc,img_addr, normal_price,promotion_price,priority,create_time, last_edit_time,enable_status,product_category_id, shop_id) VALUES (?,?,?, ?,?,?,?, ?,?,?, ?) 
2019-05-28 16:49:26.419 [main] DEBUG com.l.o2o.dao.ProductDao.insertProduct - ==> Parameters: 测试1(String), 测试Desc1(String), test1(String), null, null, 1(Integer), 2019-05-28 16:49:26.032(Timestamp), 2019-05-28 16:49:26.032(Timestamp), 1(Integer), 1(Long), 1(Long)
2019-05-28 16:49:26.429 [main] DEBUG com.l.o2o.dao.ProductDao.insertProduct - <==    Updates: 1
2019-05-28 16:49:26.435 [main] DEBUG com.l.o2o.dao.ProductDao.insertProduct - ==>  Preparing: INSERT INTO tb_product(product_name,product_desc,img_addr, normal_price,promotion_price,priority,create_time, last_edit_time,enable_status,product_category_id, shop_id) VALUES (?,?,?, ?,?,?,?, ?,?,?, ?) 
2019-05-28 16:49:26.437 [main] DEBUG com.l.o2o.dao.ProductDao.insertProduct - ==> Parameters: 测试2(String), 测试Desc2(String), test2(String), null, null, 2(Integer), 2019-05-28 16:49:26.032(Timestamp), 2019-05-28 16:49:26.032(Timestamp), 0(Integer), 1(Long), 1(Long)
2019-05-28 16:49:26.439 [main] DEBUG com.l.o2o.dao.ProductDao.insertProduct - <==    Updates: 1
2019-05-28 16:49:26.440 [main] DEBUG com.l.o2o.dao.ProductDao.insertProduct - ==>  Preparing: INSERT INTO tb_product(product_name,product_desc,img_addr, normal_price,promotion_price,priority,create_time, last_edit_time,enable_status,product_category_id, shop_id) VALUES (?,?,?, ?,?,?,?, ?,?,?, ?) 
2019-05-28 16:49:26.441 [main] DEBUG com.l.o2o.dao.ProductDao.insertProduct - ==> Parameters: test3(String), 测试Desc3(String), test3(String), null, null, 3(Integer), 2019-05-28 16:49:26.032(Timestamp), 2019-05-28 16:49:26.032(Timestamp), 1(Integer), 1(Long), 1(Long)
2019-05-28 16:49:26.445 [main] DEBUG com.l.o2o.dao.ProductDao.insertProduct - <==    Updates: 1
2019-05-28 16:49:26.478 [main] DEBUG com.l.o2o.dao.ProductDao.queryProductList - ==>  Preparing: SELECT product_id, product_name, product_desc, img_addr, normal_price, promotion_price, priority, create_time, last_edit_time, enable_status, point, product_category_id, shop_id FROM tb_product ORDER BY priority DESC LIMIT ?,?; 
2019-05-28 16:49:26.479 [main] DEBUG com.l.o2o.dao.ProductDao.queryProductList - ==> Parameters: 0(Integer), 3(Integer)
2019-05-28 16:51:27.821 [main] DEBUG com.l.o2o.dao.ProductDao.insertProduct - ==>  Preparing: INSERT INTO tb_product(product_name,product_desc,img_addr, normal_price,promotion_price,priority,create_time, last_edit_time,enable_status,product_category_id, shop_id) VALUES (?,?,?, ?,?,?,?, ?,?,?, ?) 
2019-05-28 16:51:27.860 [main] DEBUG com.l.o2o.dao.ProductDao.insertProduct - ==> Parameters: 测试1(String), 测试Desc1(String), test1(String), null, null, 1(Integer), 2019-05-28 16:51:27.481(Timestamp), 2019-05-28 16:51:27.481(Timestamp), 1(Integer), 1(Long), 1(Long)
2019-05-28 16:51:27.871 [main] DEBUG com.l.o2o.dao.ProductDao.insertProduct - <==    Updates: 1
2019-05-28 16:51:27.878 [main] DEBUG com.l.o2o.dao.ProductDao.insertProduct - ==>  Preparing: INSERT INTO tb_product(product_name,product_desc,img_addr, normal_price,promotion_price,priority,create_time, last_edit_time,enable_status,product_category_id, shop_id) VALUES (?,?,?, ?,?,?,?, ?,?,?, ?) 
2019-05-28 16:51:27.879 [main] DEBUG com.l.o2o.dao.ProductDao.insertProduct - ==> Parameters: 测试2(String), 测试Desc2(String), test2(String), null, null, 2(Integer), 2019-05-28 16:51:27.481(Timestamp), 2019-05-28 16:51:27.481(Timestamp), 0(Integer), 1(Long), 1(Long)
2019-05-28 16:51:27.882 [main] DEBUG com.l.o2o.dao.ProductDao.insertProduct - <==    Updates: 1
2019-05-28 16:51:27.882 [main] DEBUG com.l.o2o.dao.ProductDao.insertProduct - ==>  Preparing: INSERT INTO tb_product(product_name,product_desc,img_addr, normal_price,promotion_price,priority,create_time, last_edit_time,enable_status,product_category_id, shop_id) VALUES (?,?,?, ?,?,?,?, ?,?,?, ?) 
2019-05-28 16:51:27.883 [main] DEBUG com.l.o2o.dao.ProductDao.insertProduct - ==> Parameters: test3(String), 测试Desc3(String), test3(String), null, null, 3(Integer), 2019-05-28 16:51:27.481(Timestamp), 2019-05-28 16:51:27.481(Timestamp), 1(Integer), 1(Long), 1(Long)
2019-05-28 16:51:27.887 [main] DEBUG com.l.o2o.dao.ProductDao.insertProduct - <==    Updates: 1
2019-05-28 16:51:27.923 [main] DEBUG com.l.o2o.dao.ProductDao.queryProductList - ==>  Preparing: SELECT product_id, product_name, product_desc, img_addr, normal_price, promotion_price, priority, create_time, last_edit_time, enable_status, product_category_id, shop_id FROM tb_product ORDER BY priority DESC LIMIT ?,?; 
2019-05-28 16:51:27.923 [main] DEBUG com.l.o2o.dao.ProductDao.queryProductList - ==> Parameters: 0(Integer), 3(Integer)
2019-05-28 16:51:27.935 [main] DEBUG com.l.o2o.dao.ProductDao.queryProductList - <==      Total: 3
2019-05-28 16:51:27.942 [main] DEBUG com.l.o2o.dao.ProductDao.queryProductCount - ==>  Preparing: SELECT count(1) FROM tb_product 
2019-05-28 16:51:27.942 [main] DEBUG com.l.o2o.dao.ProductDao.queryProductCount - ==> Parameters: 
2019-05-28 16:51:27.944 [main] DEBUG com.l.o2o.dao.ProductDao.queryProductCount - <==      Total: 1
2019-05-28 16:55:06.474 [main] DEBUG com.l.o2o.dao.ProductDao.insertProduct - ==>  Preparing: INSERT INTO tb_product(product_name,product_desc,img_addr, normal_price,promotion_price,priority,create_time, last_edit_time,enable_status,product_category_id, shop_id) VALUES (?,?,?, ?,?,?,?, ?,?,?, ?) 
2019-05-28 16:55:06.517 [main] DEBUG com.l.o2o.dao.ProductDao.insertProduct - ==> Parameters: 测试1(String), 测试Desc1(String), test1(String), null, null, 1(Integer), 2019-05-28 16:55:06.088(Timestamp), 2019-05-28 16:55:06.088(Timestamp), 1(Integer), 1(Long), 1(Long)
2019-05-28 16:55:06.526 [main] DEBUG com.l.o2o.dao.ProductDao.insertProduct - <==    Updates: 1
2019-05-28 16:55:06.534 [main] DEBUG com.l.o2o.dao.ProductDao.insertProduct - ==>  Preparing: INSERT INTO tb_product(product_name,product_desc,img_addr, normal_price,promotion_price,priority,create_time, last_edit_time,enable_status,product_category_id, shop_id) VALUES (?,?,?, ?,?,?,?, ?,?,?, ?) 
2019-05-28 16:55:06.535 [main] DEBUG com.l.o2o.dao.ProductDao.insertProduct - ==> Parameters: 测试2(String), 测试Desc2(String), test2(String), null, null, 2(Integer), 2019-05-28 16:55:06.088(Timestamp), 2019-05-28 16:55:06.088(Timestamp), 0(Integer), 1(Long), 1(Long)
2019-05-28 16:55:06.537 [main] DEBUG com.l.o2o.dao.ProductDao.insertProduct - <==    Updates: 1
2019-05-28 16:55:06.538 [main] DEBUG com.l.o2o.dao.ProductDao.insertProduct - ==>  Preparing: INSERT INTO tb_product(product_name,product_desc,img_addr, normal_price,promotion_price,priority,create_time, last_edit_time,enable_status,product_category_id, shop_id) VALUES (?,?,?, ?,?,?,?, ?,?,?, ?) 
2019-05-28 16:55:06.539 [main] DEBUG com.l.o2o.dao.ProductDao.insertProduct - ==> Parameters: test3(String), 测试Desc3(String), test3(String), null, null, 3(Integer), 2019-05-28 16:55:06.088(Timestamp), 2019-05-28 16:55:06.088(Timestamp), 1(Integer), 1(Long), 1(Long)
2019-05-28 16:55:06.541 [main] DEBUG com.l.o2o.dao.ProductDao.insertProduct - <==    Updates: 1
2019-05-28 16:55:06.586 [main] DEBUG com.l.o2o.dao.ProductDao.queryProductList - ==>  Preparing: SELECT product_id, product_name, product_desc, img_addr, normal_price, promotion_price, priority, create_time, last_edit_time, enable_status, product_category_id, shop_id FROM tb_product ORDER BY priority DESC LIMIT ?,?; 
2019-05-28 16:55:06.587 [main] DEBUG com.l.o2o.dao.ProductDao.queryProductList - ==> Parameters: 0(Integer), 3(Integer)
2019-05-28 16:55:06.601 [main] DEBUG com.l.o2o.dao.ProductDao.queryProductList - <==      Total: 3
2019-05-28 16:55:06.607 [main] DEBUG com.l.o2o.dao.ProductDao.queryProductCount - ==>  Preparing: SELECT count(1) FROM tb_product 
2019-05-28 16:55:06.607 [main] DEBUG com.l.o2o.dao.ProductDao.queryProductCount - ==> Parameters: 
2019-05-28 16:55:06.608 [main] DEBUG com.l.o2o.dao.ProductDao.queryProductCount - <==      Total: 1
